<?xml version="1.0" encoding="UTF-8"?>
<!-- Generated by org.testng.reporters.JUnitXMLReporter -->
<testsuite hostname="My-Laptop" name="Default test" tests="4" failures="0" timestamp="31 Jul 2020 11:55:38 GMT" time="96.923" errors="0">
  <testcase name="testCase04" time="2.152" classname="Guru99_Bank_Project.TestScript04"/>
  <testcase name="testCase04" time="2.23" classname="Guru99_Bank_Project.TestScript04"/>
  <testcase name="testCase04" time="2.291" classname="Guru99_Bank_Project.TestScript04"/>
  <testcase name="testCase04" time="2.318" classname="Guru99_Bank_Project.TestScript04"/>
</testsuite> <!-- Default test -->
